<?xml version="1.0" encoding="UTF-8"?>
<!-- Generated by org.testng.reporters.JUnitReportReporter -->
<testsuite skipped="0" hostname="Microsoft-PC" name="com.test.automation.uiAutomation.login.loginTest" tests="1" failures="0" timestamp="10 Jun 2018 18:21:24 GMT" time="135.655" errors="0">
  <testcase name="verifylogin" time="135.655" classname="com.test.automation.uiAutomation.login.loginTest"/>
</testsuite> <!-- com.test.automation.uiAutomation.login.loginTest -->
