<?xml version="1.0" encoding="UTF-8"?>
<!-- Generated by org.testng.reporters.JUnitReportReporter -->
<testsuite skipped="0" hostname="Microsoft-PC" name="com.test.automation.uiAutomation.registration.RegistrationTest" tests="1" failures="0" timestamp="08 Jun 2018 07:04:23 GMT" time="69.236" errors="0">
  <testcase name="validRegistration" time="69.236" classname="com.test.automation.uiAutomation.registration.RegistrationTest"/>
</testsuite> <!-- com.test.automation.uiAutomation.registration.RegistrationTest -->
